-------------------------------------------------------------------------------
Test set: com.material.fs.filesystem.FileSystemTest
-------------------------------------------------------------------------------
Tests run: 11, Failures: 0, Errors: 10, Skipped: 0, Time elapsed: 0.017 s <<< FAILURE! - in com.material.fs.filesystem.FileSystemTest
testCopyFileAbsolute(com.material.fs.filesystem.FileSystemTest)  Time elapsed: 0.004 s  <<< ERROR!
java.lang.RuntimeException
	at com.material.fs.filesystem.FileSystemTest.buildTestFileSystem(FileSystemTest.java:118)
	at com.material.fs.filesystem.FileSystemTest.testCopyFileAbsolute(FileSystemTest.java:70)

testCwg(com.material.fs.filesystem.FileSystemTest)  Time elapsed: 0 s  <<< ERROR!
java.lang.RuntimeException
	at com.material.fs.filesystem.FileSystemTest.buildTestFileSystem(FileSystemTest.java:118)
	at com.material.fs.filesystem.FileSystemTest.testCwg(FileSystemTest.java:10)

testCreateFileFromDiffDirectoryAndAbsolutePath(com.material.fs.filesystem.FileSystemTest)  Time elapsed: 0 s  <<< ERROR!
java.lang.RuntimeException
	at com.material.fs.filesystem.FileSystemTest.buildTestFileSystem(FileSystemTest.java:118)
	at com.material.fs.filesystem.FileSystemTest.testCreateFileFromDiffDirectoryAndAbsolutePath(FileSystemTest.java:97)

testGetFileParent(com.material.fs.filesystem.FileSystemTest)  Time elapsed: 0 s  <<< ERROR!
java.lang.RuntimeException
	at com.material.fs.filesystem.FileSystemTest.buildTestFileSystem(FileSystemTest.java:118)
	at com.material.fs.filesystem.FileSystemTest.testGetFileParent(FileSystemTest.java:34)

testCopyFileNewName(com.material.fs.filesystem.FileSystemTest)  Time elapsed: 0.001 s  <<< ERROR!
java.lang.RuntimeException
	at com.material.fs.filesystem.FileSystemTest.buildTestFileSystem(FileSystemTest.java:118)
	at com.material.fs.filesystem.FileSystemTest.testCopyFileNewName(FileSystemTest.java:79)

testGetFile(com.material.fs.filesystem.FileSystemTest)  Time elapsed: 0 s  <<< ERROR!
java.lang.RuntimeException
	at com.material.fs.filesystem.FileSystemTest.buildTestFileSystem(FileSystemTest.java:118)
	at com.material.fs.filesystem.FileSystemTest.testGetFile(FileSystemTest.java:21)

testMoveFileAbsolute(com.material.fs.filesystem.FileSystemTest)  Time elapsed: 0.001 s  <<< ERROR!
java.lang.RuntimeException
	at com.material.fs.filesystem.FileSystemTest.buildTestFileSystem(FileSystemTest.java:118)
	at com.material.fs.filesystem.FileSystemTest.testMoveFileAbsolute(FileSystemTest.java:43)

testCreateFile(com.material.fs.filesystem.FileSystemTest)  Time elapsed: 0 s  <<< ERROR!
java.lang.RuntimeException
	at com.material.fs.filesystem.FileSystemTest.buildTestFileSystem(FileSystemTest.java:118)
	at com.material.fs.filesystem.FileSystemTest.testCreateFile(FileSystemTest.java:88)

testCreateFileFromDiffDirectoryRelativePath(com.material.fs.filesystem.FileSystemTest)  Time elapsed: 0 s  <<< ERROR!
java.lang.RuntimeException
	at com.material.fs.filesystem.FileSystemTest.buildTestFileSystem(FileSystemTest.java:118)
	at com.material.fs.filesystem.FileSystemTest.testCreateFileFromDiffDirectoryRelativePath(FileSystemTest.java:106)

testMoveFileNewName(com.material.fs.filesystem.FileSystemTest)  Time elapsed: 0 s  <<< ERROR!
java.lang.RuntimeException
	at com.material.fs.filesystem.FileSystemTest.buildTestFileSystem(FileSystemTest.java:118)
	at com.material.fs.filesystem.FileSystemTest.testMoveFileNewName(FileSystemTest.java:52)

